<?xml version="1.0" encoding="UTF-8"?>
<!-- Generated by org.testng.reporters.JUnitReportReporter -->
<testsuite hostname="EXPLTDC1PBT8H4W" name="tests.offshoreBopis" tests="1" failures="0" timestamp="11 Dec 2017 15:24:16 GMT" time="207.579" errors="0">
  <testcase name="CSR_Order" time="207.579" classname="tests.offshoreBopis"/>
</testsuite> <!-- tests.offshoreBopis -->
