<?xml version="1.0" encoding="UTF-8"?>
<!-- Generated by org.testng.reporters.JUnitReportReporter -->
<testsuite hostname="EXPLTDC1B0119WN" name="tests.STS_SLMQ_Visa" tests="1" failures="0" timestamp="15 Mar 2018 18:29:30 GMT" time="147.311" errors="0">
  <testcase name="CSR_STS_SLMQ_Visa" time="147.311" classname="tests.STS_SLMQ_Visa"/>
</testsuite> <!-- tests.STS_SLMQ_Visa -->
