<?xml version="1.0" encoding="UTF-8"?>
<!-- Generated by org.testng.reporters.JUnitReportReporter -->
<testsuite hostname="EXPLTDC1B0119WN" name="tests.sampleTest" tests="1" failures="0" timestamp="23 Feb 2018 17:10:51 GMT" time="41.862" errors="0">
  <testcase name="CSR_RemorseCancel" time="41.862" classname="tests.sampleTest"/>
</testsuite> <!-- tests.sampleTest -->
