<?xml version="1.0" encoding="UTF-8"?>
<!-- Generated by org.testng.reporters.JUnitReportReporter -->
<testsuite hostname="EXPLTDC1PBT8H4W" name="tests.STH_AppeasementAtOrderCreation" tests="1" failures="0" timestamp="14 Dec 2017 19:14:10 GMT" time="91.889" errors="0">
  <testcase name="CSR_Order" time="91.889" classname="tests.STH_AppeasementAtOrderCreation"/>
</testsuite> <!-- tests.STH_AppeasementAtOrderCreation -->
