<?xml version="1.0" encoding="UTF-8"?>
<!-- Generated by org.testng.reporters.JUnitReportReporter -->
<testsuite hostname="EXPLTDC1PBT8H4W" name="tests.BOPIS_CSR_Grid" tests="1" failures="0" timestamp="22 Jan 2018 20:00:04 GMT" time="133.252" errors="0">
  <testcase name="CSR_Order" time="133.252" classname="tests.BOPIS_CSR_Grid"/>
</testsuite> <!-- tests.BOPIS_CSR_Grid -->
